[2025-01-04T14:23:56.752+0100] [] [INFOS] [NCLS-GFLAUNCHER-00005] [jakarta.enterprise.launcher] [tid: _ThreadID=1 _ThreadName=main] [timeMillis: 1735997036752] [levelValue: 800] [[
  JVM invocation command line:
/home/mxrsl/Bureau/M1/s1/java/jdk-17.0.8.1+1/bin/java
-cp
/home/mxrsl/Bureau/TP1_I311/Rest/src/main/java/servapp/payara6/glassfish/domains/domain1/lib/ext/*:/home/mxrsl/Bureau/TP1_I311/Rest/src/main/java/servapp/payara6/glassfish/modules/glassfish.jar
-XX:+UnlockDiagnosticVMOptions
--add-exports=java.base/sun.net.www=ALL-UNNAMED
--add-opens=java.base/java.net=ALL-UNNAMED
--add-opens=java.base/sun.net.www.protocol.jrt=ALL-UNNAMED
--add-opens=java.base/java.lang.invoke=ALL-UNNAMED
--add-opens=java.management/javax.management=ALL-UNNAMED
--add-opens=java.desktop/java.beans=ALL-UNNAMED
--add-opens=java.management/sun.management=ALL-UNNAMED
--add-exports=java.base/jdk.internal.ref=ALL-UNNAMED
--add-opens=java.naming/javax.naming.spi=ALL-UNNAMED
--add-opens=jdk.management/com.sun.management.internal=ALL-UNNAMED
--add-opens=java.base/java.io=ALL-UNNAMED
--add-opens=java.base/java.nio=ALL-UNNAMED
--add-opens=java.rmi/sun.rmi.transport=ALL-UNNAMED
--add-opens=java.base/java.lang=ALL-UNNAMED
--add-opens=java.logging/java.util.logging=ALL-UNNAMED
--add-exports=jdk.naming.dns/com.sun.jndi.dns=ALL-UNNAMED
--add-opens=java.base/sun.net.www.protocol.jar=ALL-UNNAMED
--add-exports=java.naming/com.sun.jndi.ldap=ALL-UNNAMED
--add-opens=java.base/jdk.internal.loader=ALL-UNNAMED
--add-exports=java.base/sun.security.util=ALL-UNNAMED
--add-opens=java.base/java.util=ALL-UNNAMED
--add-opens=java.base/sun.nio.ch=ALL-UNNAMED
--add-opens=java.management/javax.management.openmbean=ALL-UNNAMED
-XX:NewRatio=2
-Xbootclasspath/a:/home/mxrsl/Bureau/TP1_I311/Rest/src/main/java/servapp/payara6/glassfish/lib/grizzly-npn-api.jar
-Xmx512m
-server
-javaagent:/home/mxrsl/Bureau/TP1_I311/Rest/src/main/java/servapp/payara6/glassfish/lib/monitor/flashlight-agent.jar
-Djavax.xml.accessExternalSchema=all
-Djavax.net.ssl.trustStore=/home/mxrsl/Bureau/TP1_I311/Rest/src/main/java/servapp/payara6/glassfish/domains/domain1/config/cacerts.p12
-Djdk.tls.rejectClientInitiatedRenegotiation=true
-Djdk.corba.allowOutputStreamSubclass=true
-Dfelix.fileinstall.dir=/home/mxrsl/Bureau/TP1_I311/Rest/src/main/java/servapp/payara6/glassfish/modules/autostart/
-Dorg.glassfish.additionalOSGiBundlesToStart=org.apache.felix.shell,org.apache.felix.gogo.runtime,org.apache.felix.gogo.shell,org.apache.felix.gogo.command,org.apache.felix.shell.remote,org.apache.felix.fileinstall
-Dcom.sun.aas.installRoot=/home/mxrsl/Bureau/TP1_I311/Rest/src/main/java/servapp/payara6/glassfish
-Dfelix.fileinstall.poll=5000
-Djava.security.policy=/home/mxrsl/Bureau/TP1_I311/Rest/src/main/java/servapp/payara6/glassfish/domains/domain1/config/server.policy
-Dosgi.shell.telnet.maxconn=1
-Dfelix.fileinstall.bundles.startTransient=true
-Dcom.sun.enterprise.config.config_environment_factory_class=com.sun.enterprise.config.serverbeans.AppserverConfigEnvironmentFactory
-Dfelix.fileinstall.log.level=2
-Djavax.net.ssl.keyStore=/home/mxrsl/Bureau/TP1_I311/Rest/src/main/java/servapp/payara6/glassfish/domains/domain1/config/keystore.p12
-Djava.security.auth.login.config=/home/mxrsl/Bureau/TP1_I311/Rest/src/main/java/servapp/payara6/glassfish/domains/domain1/config/login.conf
-Dfelix.fileinstall.disableConfigSave=false
-Dorg.glassfish.grizzly.DEFAULT_MEMORY_MANAGER=org.glassfish.grizzly.memory.HeapMemoryManager
-Dfelix.fileinstall.bundles.new.start=true
-Dcom.sun.aas.instanceRoot=/home/mxrsl/Bureau/TP1_I311/Rest/src/main/java/servapp/payara6/glassfish/domains/domain1
-Dosgi.shell.telnet.port=6666
-Dgosh.args=--nointeractive
-Dcom.sun.enterprise.security.httpsOutboundKeyAlias=s1as
-Dorg.jboss.weld.serialization.beanIdentifierIndexOptimization=false
-Dosgi.shell.telnet.ip=127.0.0.1
-Djdk.attach.allowAttachSelf=true
-DANTLR_USE_DIRECT_CLASS_LOADING=true
-Djava.awt.headless=true
-Dcom.ctc.wstx.returnNullForDefaultNamespace=true
-Djdbc.drivers=org.h2.Driver
-Dorg.glassfish.grizzly.nio.DefaultSelectorHandler.force-selector-spin-detection=true
-Djava.library.path=/home/mxrsl/Bureau/TP1_I311/Rest/src/main/java/servapp/payara6/glassfish/lib:/usr/java/packages/lib:/usr/lib64:/lib64:/lib:/usr/lib
com.sun.enterprise.glassfish.bootstrap.ASMain
-upgrade
false
-read-stdin
true
-domainname
domain1
-domaindir
/home/mxrsl/Bureau/TP1_I311/Rest/src/main/java/servapp/payara6/glassfish/domains/domain1
-asadmin-args
--host,,,localhost,,,--port,,,4848,,,--secure=false,,,--terse=false,,,--extraterse=false,,,--echo=false,,,--interactive=true,,,--autoname=false,,,start-domain,,,--verbose=false,,,--watchdog=false,,,--debug=false,,,--warmup=false,,,--domaindir,,,/home/mxrsl/Bureau/TP1_I311/Rest/src/main/java/servapp/payara6/glassfish/domains,,,domain1
-instancename
server
-type
DAS
-verbose
false
-warmup
false
-asadmin-classpath
/home/mxrsl/Bureau/TP1_I311/Rest/src/main/java/servapp/payara6/glassfish/lib/client/appserver-cli.jar
-debug
false
-asadmin-classname
com.sun.enterprise.admin.cli.AdminMain
-watchdog
false]]

[2025-01-04T14:23:59.347+0100] [Payara 6.2024.12] [INFOS] [NCLS-LOGGING-00009] [jakarta.enterprise.logging] [tid: _ThreadID=30 _ThreadName=RunLevelControllerThread-1735997039273] [timeMillis: 1735997039347] [levelValue: 800] [[
  Running Payara Version: Payara Server 6.2024.12 #badassfish (build 26)]]

[2025-01-04T14:23:59.352+0100] [Payara 6.2024.12] [INFOS] [NCLS-LOGGING-00010] [jakarta.enterprise.logging] [tid: _ThreadID=30 _ThreadName=RunLevelControllerThread-1735997039273] [timeMillis: 1735997039352] [levelValue: 800] [[
  Server log file is using Formatter class: com.sun.enterprise.server.logging.ODLLogFormatter]]

[2025-01-04T14:23:59.532+0100] [Payara 6.2024.12] [INFO] [] [org.hibernate.validator.internal.util.Version] [tid: _ThreadID=29 _ThreadName=RunLevelControllerThread-1735997039269] [timeMillis: 1735997039532] [levelValue: 800] [[
  HV000001: Hibernate Validator 8.0.1.Final.payara-p1]]

[2025-01-04T14:24:00.005+0100] [Payara 6.2024.12] [INFOS] [] [org.glassfish.ha.store.spi.BackingStoreFactoryRegistry] [tid: _ThreadID=30 _ThreadName=RunLevelControllerThread-1735997039273] [timeMillis: 1735997040005] [levelValue: 800] [[
  Registered fish.payara.ha.hazelcast.store.HazelcastBackingStoreFactoryProxy for persistence-type = hazelcast in BackingStoreFactoryRegistry]]

[2025-01-04T14:24:02.052+0100] [Payara 6.2024.12] [INFOS] [] [fish.payara.nucleus.hazelcast.HazelcastCore] [tid: _ThreadID=32 _ThreadName=RunLevelControllerThread-1735997039279] [timeMillis: 1735997042052] [levelValue: 800] [[
  Hazelcast Instance Bound to JNDI at payara/Hazelcast]]

[2025-01-04T14:24:02.053+0100] [Payara 6.2024.12] [INFOS] [] [fish.payara.nucleus.hazelcast.HazelcastCore] [tid: _ThreadID=32 _ThreadName=RunLevelControllerThread-1735997039279] [timeMillis: 1735997042053] [levelValue: 800] [[
  JSR107 Caching Provider Bound to JNDI at payara/CachingProvider]]

[2025-01-04T14:24:02.053+0100] [Payara 6.2024.12] [INFOS] [] [fish.payara.nucleus.hazelcast.HazelcastCore] [tid: _ThreadID=32 _ThreadName=RunLevelControllerThread-1735997039279] [timeMillis: 1735997042053] [levelValue: 800] [[
  JSR107 Default Cache Manager Bound to JNDI at payara/CacheManager]]

[2025-01-04T14:24:02.108+0100] [Payara 6.2024.12] [INFOS] [NCLS-CORE-00101] [javax.enterprise.system.core] [tid: _ThreadID=32 _ThreadName=RunLevelControllerThread-1735997039279] [timeMillis: 1735997042108] [levelValue: 800] [[
  Network Listener http-listener-1 started in: 3ms - bound to [/0.0.0.0:8080]]]

[2025-01-04T14:24:02.125+0100] [Payara 6.2024.12] [INFOS] [NCLS-CORE-00101] [javax.enterprise.system.core] [tid: _ThreadID=32 _ThreadName=RunLevelControllerThread-1735997039279] [timeMillis: 1735997042125] [levelValue: 800] [[
  Network Listener http-listener-2 started in: 0ms - bound to [/0.0.0.0:8181]]]

[2025-01-04T14:24:02.130+0100] [Payara 6.2024.12] [INFOS] [NCLS-CORE-00101] [javax.enterprise.system.core] [tid: _ThreadID=32 _ThreadName=RunLevelControllerThread-1735997039279] [timeMillis: 1735997042130] [levelValue: 800] [[
  Network Listener admin-listener started in: 0ms - bound to [/0.0.0.0:4848]]]

[2025-01-04T14:24:02.131+0100] [Payara 6.2024.12] [INFOS] [NCLS-CORE-00087] [javax.enterprise.system.core] [tid: _ThreadID=32 _ThreadName=RunLevelControllerThread-1735997039279] [timeMillis: 1735997042131] [levelValue: 800] [[
  Grizzly 4.0.0 started in: 2212ms - bound to [http-listener-1:8080, http-listener-2:8181, admin-listener:4848]]]

[2025-01-04T14:24:02.175+0100] [Payara 6.2024.12] [INFOS] [NCLS-CORE-00101] [javax.enterprise.system.core] [tid: _ThreadID=29 _ThreadName=RunLevelControllerThread-1735997039269] [timeMillis: 1735997042175] [levelValue: 800] [[
  Network Listener iiop-service started in: 1ms - bound to [/0.0.0.0:3700]]]

[2025-01-04T14:24:02.228+0100] [Payara 6.2024.12] [INFOS] [] [io.opentelemetry.api.GlobalOpenTelemetry] [tid: _ThreadID=31 _ThreadName=RunLevelControllerThread-1735997039279] [timeMillis: 1735997042228] [levelValue: 800] [[
  AutoConfiguredOpenTelemetrySdk found on classpath but automatic configuration is disabled. To enable, run your JVM with -Dotel.java.global-autoconfigure.enabled=true]]

[2025-01-04T14:24:02.281+0100] [Payara 6.2024.12] [INFOS] [] [fish.payara.nucleus.cluster.PayaraCluster] [tid: _ThreadID=120 _ThreadName=Executor-Service-3] [timeMillis: 1735997042281] [levelValue: 800] [[
  Data Grid Status 
Payara Data Grid State: DG Version: 5 DG Name: development DG Size: 1
Instances: {
 DataGrid: development Name: server Lite: false This: true UUID: 1272223f-2916-40e5-88f9-13c0cc1fda84 Address: /192.168.0.16:4900
}]]

[2025-01-04T14:24:02.283+0100] [Payara 6.2024.12] [INFOS] [NCLS-CORE-00017] [javax.enterprise.system.core] [tid: _ThreadID=1 _ThreadName=main] [timeMillis: 1735997042283] [levelValue: 800] [[
  Payara Server 6.2024.12 #badassfish (26) startup time : Felix (2190ms), startup services(3018ms), total(5208ms)]]

[2025-01-04T14:24:02.289+0100] [Payara 6.2024.12] [INFOS] [] [fish.payara.nucleus.notification.NotificationService] [tid: _ThreadID=1 _ThreadName=main] [timeMillis: 1735997042289] [levelValue: 800] [[
  Payara Notification Service bootstrapped.]]

[2025-01-04T14:24:02.297+0100] [Payara 6.2024.12] [INFOS] [] [monitoring-console-core] [tid: _ThreadID=1 _ThreadName=main] [timeMillis: 1735997042297] [levelValue: 800] [[
  Bootstrapping Monitoring Console Runtime]]

[2025-01-04T14:24:02.339+0100] [Payara 6.2024.12] [INFOS] [] [monitoring-console-core] [tid: _ThreadID=1 _ThreadName=main] [timeMillis: 1735997042339] [levelValue: 800] [[
  Starting monitoring data collection for server]]

[2025-01-04T14:24:02.340+0100] [Payara 6.2024.12] [INFOS] [] [monitoring-console-core] [tid: _ThreadID=1 _ThreadName=main] [timeMillis: 1735997042340] [levelValue: 800] [[
  Starting monitoring watch collection for server]]

[2025-01-04T14:24:02.482+0100] [Payara 6.2024.12] [INFOS] [NCLS-CORE-00101] [javax.enterprise.system.core] [tid: _ThreadID=32 _ThreadName=RunLevelControllerThread-1735997039279] [timeMillis: 1735997042482] [levelValue: 800] [[
  Network Listener JMS_PROXY_default_JMS_host started in: 1ms - bound to [/0.0.0.0:7676]]]

[2025-01-04T14:24:02.495+0100] [Payara 6.2024.12] [INFOS] [NCLS-JMX-00005] [javax.enterprise.system.jmx] [tid: _ThreadID=132 _ThreadName=Thread-14] [timeMillis: 1735997042495] [levelValue: 800] [[
  JMXStartupService has started JMXConnector on JMXService URL service:jmx:rmi://0.0.0.0:8686/jndi/rmi://0.0.0.0:8686/jmxrmi]]

[2025-01-04T14:24:02.625+0100] [Payara 6.2024.12] [INFOS] [] [org.jvnet.hk2.osgiadapter] [tid: _ThreadID=24 _ThreadName=FelixStartLevel] [timeMillis: 1735997042625] [levelValue: 800] [[
  Skipping registration of inhabitant for service reference [org.osgi.service.metatype.MetaTypeProvider] as the service object could not be obtained.]]

[2025-01-04T14:24:58.622+0100] [Payara 6.2024.12] [INFOS] [] [javax.enterprise.system.core] [tid: _ThreadID=170 _ThreadName=Thread-28] [timeMillis: 1735997098622] [levelValue: 800] [[
  No deployment transformer implementation found.]]

[2025-01-04T14:24:58.662+0100] [Payara 6.2024.12] [INFOS] [] [javax.enterprise.resource.corba.org.glassfish.enterprise.iiop.api] [tid: _ThreadID=171 _ThreadName=admin-thread-pool::admin-listener(2)] [timeMillis: 1735997098662] [levelValue: 800] [[
  GlassFishORBFactory service initialized.]]

[2025-01-04T14:24:58.906+0100] [Payara 6.2024.12] [INFOS] [NCLS-SECURITY-01002] [javax.enterprise.system.core.security] [tid: _ThreadID=170 _ThreadName=Thread-28] [timeMillis: 1735997098906] [levelValue: 800] [[
  Java security manager is disabled.]]

[2025-01-04T14:24:58.907+0100] [Payara 6.2024.12] [INFOS] [NCLS-SECURITY-01010] [javax.enterprise.system.core.security] [tid: _ThreadID=170 _ThreadName=Thread-28] [timeMillis: 1735997098907] [levelValue: 800] [[
  Entering Security Startup Service.]]

[2025-01-04T14:24:58.909+0100] [Payara 6.2024.12] [INFOS] [NCLS-SECURITY-01143] [javax.enterprise.system.core.security] [tid: _ThreadID=170 _ThreadName=Thread-28] [timeMillis: 1735997098909] [levelValue: 800] [[
  Loading policy provider fish.payara.security.jacc.provider.PolicyProviderImpl.]]

[2025-01-04T14:24:58.984+0100] [Payara 6.2024.12] [INFOS] [NCLS-SECURITY-01011] [javax.enterprise.system.core.security] [tid: _ThreadID=170 _ThreadName=Thread-28] [timeMillis: 1735997098984] [levelValue: 800] [[
  Security Service(s) started successfully.]]

[2025-01-04T14:24:59.107+0100] [Payara 6.2024.12] [INFOS] [AS-WEB-GLUE-00198] [jakarta.enterprise.web] [tid: _ThreadID=170 _ThreadName=Thread-28] [timeMillis: 1735997099107] [levelValue: 800] [[
  Created HTTP listener http-listener-1 on host/port 0.0.0.0:8080]]

[2025-01-04T14:24:59.110+0100] [Payara 6.2024.12] [INFOS] [AS-WEB-GLUE-00198] [jakarta.enterprise.web] [tid: _ThreadID=170 _ThreadName=Thread-28] [timeMillis: 1735997099110] [levelValue: 800] [[
  Created HTTP listener http-listener-2 on host/port 0.0.0.0:8181]]

[2025-01-04T14:24:59.111+0100] [Payara 6.2024.12] [INFOS] [AS-WEB-GLUE-00198] [jakarta.enterprise.web] [tid: _ThreadID=170 _ThreadName=Thread-28] [timeMillis: 1735997099111] [levelValue: 800] [[
  Created HTTP listener admin-listener on host/port 0.0.0.0:4848]]

[2025-01-04T14:24:59.125+0100] [Payara 6.2024.12] [INFOS] [AS-WEB-GLUE-00200] [jakarta.enterprise.web] [tid: _ThreadID=170 _ThreadName=Thread-28] [timeMillis: 1735997099125] [levelValue: 800] [[
  Created virtual server server]]

[2025-01-04T14:24:59.126+0100] [Payara 6.2024.12] [INFOS] [AS-WEB-GLUE-00200] [jakarta.enterprise.web] [tid: _ThreadID=170 _ThreadName=Thread-28] [timeMillis: 1735997099126] [levelValue: 800] [[
  Created virtual server __asadmin]]

[2025-01-04T14:24:59.274+0100] [Payara 6.2024.12] [INFOS] [AS-WEB-GLUE-00201] [jakarta.enterprise.web] [tid: _ThreadID=170 _ThreadName=Thread-28] [timeMillis: 1735997099274] [levelValue: 800] [[
  Virtual server server loaded default web module ]]

[2025-01-04T14:25:00.415+0100] [Payara 6.2024.12] [INFOS] [NCLS-REST-00001] [jakarta.enterprise.admin.rest] [tid: _ThreadID=171 _ThreadName=admin-thread-pool::admin-listener(2)] [timeMillis: 1735997100415] [levelValue: 800] [[
  Listening to REST requests at context: /management/domain.]]

[2025-01-04T14:25:00.842+0100] [Payara 6.2024.12] [INFOS] [NCLS-CORE-00022] [javax.enterprise.system.core] [tid: _ThreadID=170 _ThreadName=Thread-28] [timeMillis: 1735997100842] [levelValue: 800] [[
  Loading application __admingui done in 3039 ms]]

[2025-01-04T14:25:01.429+0100] [Payara 6.2024.12] [INFOS] [jsf.config.listener.version] [jakarta.enterprise.resource.webcontainer.jsf.config] [tid: _ThreadID=170 _ThreadName=Thread-28] [timeMillis: 1735997101429] [levelValue: 800] [[
  Initialisation de Mojarra 3.0.2 pour le contexte «»]]

[2025-01-04T14:25:02.030+0100] [Payara 6.2024.12] [INFOS] [AS-WEB-GLUE-00172] [jakarta.enterprise.web] [tid: _ThreadID=170 _ThreadName=Thread-28] [timeMillis: 1735997102030] [levelValue: 800] [[
  Loading application [__admingui] at [/]]]

[2025-01-04T14:25:02.567+0100] [Payara 6.2024.12] [INFOS] [] [javax.enterprise.system.container.web.com.sun.web.security] [tid: _ThreadID=111 _ThreadName=admin-thread-pool::admin-listener(1)] [timeMillis: 1735997102567] [levelValue: 800] [[
  Context path from ServletContext:  differs from path from bundle: /]]

[2025-01-04T14:25:04.200+0100] [Payara 6.2024.12] [INFOS] [] [org.glassfish.admingui] [tid: _ThreadID=197 _ThreadName=admin-thread-pool::admin-listener(6)] [timeMillis: 1735997104200] [levelValue: 800] [[
  Redirecting to /]]

[2025-01-04T14:25:04.317+0100] [Payara 6.2024.12] [INFOS] [] [org.glassfish.admingui] [tid: _ThreadID=111 _ThreadName=admin-thread-pool::admin-listener(1)] [timeMillis: 1735997104317] [levelValue: 800] [[
  Admin Console: Initializing Session Attributes...]]

